<?xml version="1.0" encoding="UTF-8"?>
<testng-results ignored="0" total="1" passed="1" failed="0" skipped="0">
  <reporter-output>
  </reporter-output>
  <suite started-at="2024-08-13T13:13:32 IST" name="Default suite" finished-at="2024-08-13T13:13:57 IST" duration-ms="25060">
    <groups>
    </groups>
    <test started-at="2024-08-13T13:13:32 IST" name="Default test" finished-at="2024-08-13T13:13:57 IST" duration-ms="25060">
      <class name="com.ninza.hrm.api.employeeTest.EmployeeTest">
        <test-method signature="addEmployeeTest()[pri:0, instance:com.ninza.hrm.api.employeeTest.EmployeeTest@15bb5034]" started-at="2024-08-13T13:13:32 IST" name="addEmployeeTest" finished-at="2024-08-13T13:13:57 IST" duration-ms="24938" status="PASS">
          <reporter-output>
          </reporter-output>
        </test-method> <!-- addEmployeeTest -->
      </class> <!-- com.ninza.hrm.api.employeeTest.EmployeeTest -->
    </test> <!-- Default test -->
  </suite> <!-- Default suite -->
</testng-results>
