<?xml version="1.0" encoding="UTF-8"?>
<!-- Generated by org.testng.reporters.JUnitXMLReporter -->
<testsuite ignored="1" hostname="DESKTOP-6R86IG7" failures="0" tests="1" name="Default test" time="25.06" errors="0" timestamp="2024-08-13T13:13:57 IST">
  <testcase classname="com.ninza.hrm.api.employeeTest.EmployeeTest" name="addEmployeeTest" time="24.938"/>
  <testcase classname="com.ninza.hrm.api.employeeTest.EmployeeTest" name="addEmployeeWithoutEmailTest" time="0.0">
    <ignored/>
  </testcase> <!-- addEmployeeWithoutEmailTest -->
</testsuite> <!-- Default test -->
