<?xml version="1.0" encoding="UTF-8"?>
<testng-results ignored="0" total="1" passed="1" failed="0" skipped="0">
  <reporter-output>
  </reporter-output>
  <suite started-at="2025-01-15T18:10:45 IST" name="Default suite" finished-at="2025-01-15T18:10:52 IST" duration-ms="6983">
    <groups>
    </groups>
    <test started-at="2025-01-15T18:10:45 IST" name="Default test" finished-at="2025-01-15T18:10:52 IST" duration-ms="6983">
      <class name="Encryption.UpdatePayRollInfoViaAESEncryption">
        <test-method signature="sampleTest()[pri:0, instance:Encryption.UpdatePayRollInfoViaAESEncryption@2e8c1c9b]" started-at="2025-01-15T18:10:45 IST" name="sampleTest" finished-at="2025-01-15T18:10:52 IST" duration-ms="6622" status="PASS">
          <reporter-output>
          </reporter-output>
        </test-method> <!-- sampleTest -->
      </class> <!-- Encryption.UpdatePayRollInfoViaAESEncryption -->
    </test> <!-- Default test -->
  </suite> <!-- Default suite -->
</testng-results>
