<?xml version="1.0" encoding="UTF-8"?>
<!-- Generated by org.testng.reporters.JUnitXMLReporter -->
<testsuite ignored="2" hostname="DESKTOP-6R86IG7" failures="0" tests="4" name="Test" time="6.715" errors="0" timestamp="2024-07-02T18:47:29 IST">
  <testcase classname="com.ninza.hrm.api.projectTest.ProjectTest2" name="addSingleProjectWithCreatedTest" time="6.023"/>
  <testcase classname="com.ninza.hrm.api.projectTest.ProjectTest2" name="createDuplicateProjectTest" time="0.099"/>
  <testcase classname="com.ninza.hrm.api.employeeTest.EmployeeTest2" name="addEmployeeTest" time="0.291"/>
  <testcase classname="com.ninza.hrm.api.employeeTest.EmployeeTest2" name="addEmployeeWithoutEmailTest" time="0.133"/>
  <testcase classname="com.ninza.hrm.api.baseClass.BaseAPIClass" name="@AfterSuite configAS" time="0.0">
    <ignored/>
  </testcase> <!-- @AfterSuite configAS -->
  <testcase classname="com.ninza.hrm.api.baseClass.BaseAPIClass" name="@BeforeSuite configBS" time="0.0">
    <ignored/>
  </testcase> <!-- @BeforeSuite configBS -->
</testsuite> <!-- Test -->
